{"D:\\MINES\\PROJECTIA\\CODE_BASE\\Backend\\app.js": {"path":"D:\\MINES\\PROJECTIA\\CODE_BASE\\Backend\\app.js","statementMap":{"0":{"start":{"line":9,"column":0},"end":{"line":9,"column":16}},"1":{"start":{"line":12,"column":12},"end":{"line":12,"column":21}},"2":{"start":{"line":15,"column":0},"end":{"line":15,"column":23}},"3":{"start":{"line":16,"column":0},"end":{"line":16,"column":24}},"4":{"start":{"line":17,"column":0},"end":{"line":17,"column":48}},"5":{"start":{"line":20,"column":0},"end":{"line":20,"column":37}}},"fnMap":{},"branchMap":{},"s":{"0":1,"1":1,"2":1,"3":1,"4":1,"5":1},"f":{},"b":{},"_coverageSchema":"1a1c01bbd47fc00a2c39e90264f33305004495a9","hash":"ee5c9877cebe82c80b0003a8d92fff07debd29f1"}
,"D:\\MINES\\PROJECTIA\\CODE_BASE\\Backend\\controllers\\user.controllers.js": {"path":"D:\\MINES\\PROJECTIA\\CODE_BASE\\Backend\\controllers\\user.controllers.js","statementMap":{"0":{"start":{"line":11,"column":22},"end":{"line":65,"column":1}},"1":{"start":{"line":12,"column":15},"end":{"line":18,"column":3}},"2":{"start":{"line":20,"column":2},"end":{"line":64,"column":3}},"3":{"start":{"line":21,"column":4},"end":{"line":63,"column":9}},"4":{"start":{"line":23,"column":8},"end":{"line":56,"column":11}},"5":{"start":{"line":24,"column":10},"end":{"line":55,"column":11}},"6":{"start":{"line":25,"column":12},"end":{"line":49,"column":17}},"7":{"start":{"line":27,"column":16},"end":{"line":42,"column":21}},"8":{"start":{"line":29,"column":20},"end":{"line":35,"column":23}},"9":{"start":{"line":30,"column":22},"end":{"line":34,"column":25}},"10":{"start":{"line":38,"column":20},"end":{"line":41,"column":23}},"11":{"start":{"line":45,"column":16},"end":{"line":48,"column":19}},"12":{"start":{"line":51,"column":12},"end":{"line":54,"column":15}},"13":{"start":{"line":59,"column":8},"end":{"line":62,"column":11}},"14":{"start":{"line":67,"column":21},"end":{"line":103,"column":1}},"15":{"start":{"line":68,"column":15},"end":{"line":72,"column":3}},"16":{"start":{"line":74,"column":2},"end":{"line":102,"column":3}},"17":{"start":{"line":75,"column":4},"end":{"line":101,"column":7}},"18":{"start":{"line":76,"column":6},"end":{"line":100,"column":7}},"19":{"start":{"line":77,"column":8},"end":{"line":94,"column":10}},"20":{"start":{"line":79,"column":12},"end":{"line":92,"column":13}},"21":{"start":{"line":80,"column":14},"end":{"line":86,"column":17}},"22":{"start":{"line":81,"column":16},"end":{"line":85,"column":19}},"23":{"start":{"line":88,"column":14},"end":{"line":91,"column":17}},"24":{"start":{"line":96,"column":8},"end":{"line":99,"column":11}}},"fnMap":{"0":{"name":"(anonymous_0)","decl":{"start":{"line":11,"column":22},"end":{"line":11,"column":23}},"loc":{"start":{"line":11,"column":42},"end":{"line":65,"column":1}},"line":11},"1":{"name":"(anonymous_1)","decl":{"start":{"line":22,"column":12},"end":{"line":22,"column":13}},"loc":{"start":{"line":22,"column":25},"end":{"line":57,"column":7}},"line":22},"2":{"name":"(anonymous_2)","decl":{"start":{"line":23,"column":41},"end":{"line":23,"column":42}},"loc":{"start":{"line":23,"column":68},"end":{"line":56,"column":9}},"line":23},"3":{"name":"(anonymous_3)","decl":{"start":{"line":26,"column":20},"end":{"line":26,"column":21}},"loc":{"start":{"line":26,"column":36},"end":{"line":43,"column":15}},"line":26},"4":{"name":"(anonymous_4)","decl":{"start":{"line":28,"column":24},"end":{"line":28,"column":25}},"loc":{"start":{"line":28,"column":43},"end":{"line":36,"column":19}},"line":28},"5":{"name":"(anonymous_5)","decl":{"start":{"line":29,"column":47},"end":{"line":29,"column":48}},"loc":{"start":{"line":29,"column":58},"end":{"line":35,"column":21}},"line":29},"6":{"name":"(anonymous_6)","decl":{"start":{"line":37,"column":25},"end":{"line":37,"column":26}},"loc":{"start":{"line":37,"column":36},"end":{"line":42,"column":19}},"line":37},"7":{"name":"(anonymous_7)","decl":{"start":{"line":44,"column":21},"end":{"line":44,"column":22}},"loc":{"start":{"line":44,"column":32},"end":{"line":49,"column":15}},"line":44},"8":{"name":"(anonymous_8)","decl":{"start":{"line":58,"column":13},"end":{"line":58,"column":14}},"loc":{"start":{"line":58,"column":24},"end":{"line":63,"column":7}},"line":58},"9":{"name":"(anonymous_9)","decl":{"start":{"line":67,"column":21},"end":{"line":67,"column":22}},"loc":{"start":{"line":67,"column":41},"end":{"line":103,"column":1}},"line":67},"10":{"name":"(anonymous_10)","decl":{"start":{"line":75,"column":31},"end":{"line":75,"column":32}},"loc":{"start":{"line":75,"column":58},"end":{"line":101,"column":5}},"line":75},"11":{"name":"(anonymous_11)","decl":{"start":{"line":78,"column":10},"end":{"line":78,"column":11}},"loc":{"start":{"line":78,"column":28},"end":{"line":93,"column":11}},"line":78},"12":{"name":"(anonymous_12)","decl":{"start":{"line":80,"column":38},"end":{"line":80,"column":39}},"loc":{"start":{"line":80,"column":49},"end":{"line":86,"column":15}},"line":80}},"branchMap":{"0":{"loc":{"start":{"line":20,"column":2},"end":{"line":64,"column":3}},"type":"if","locations":[{"start":{"line":20,"column":2},"end":{"line":64,"column":3}},{"start":{},"end":{}}],"line":20},"1":{"loc":{"start":{"line":24,"column":10},"end":{"line":55,"column":11}},"type":"if","locations":[{"start":{"line":24,"column":10},"end":{"line":55,"column":11}},{"start":{"line":50,"column":17},"end":{"line":55,"column":11}}],"line":24},"2":{"loc":{"start":{"line":74,"column":2},"end":{"line":102,"column":3}},"type":"if","locations":[{"start":{"line":74,"column":2},"end":{"line":102,"column":3}},{"start":{},"end":{}}],"line":74},"3":{"loc":{"start":{"line":76,"column":6},"end":{"line":100,"column":7}},"type":"if","locations":[{"start":{"line":76,"column":6},"end":{"line":100,"column":7}},{"start":{"line":95,"column":13},"end":{"line":100,"column":7}}],"line":76},"4":{"loc":{"start":{"line":79,"column":12},"end":{"line":92,"column":13}},"type":"if","locations":[{"start":{"line":79,"column":12},"end":{"line":92,"column":13}},{"start":{"line":87,"column":19},"end":{"line":92,"column":13}}],"line":79}},"s":{"0":1,"1":7,"2":7,"3":7,"4":2,"5":2,"6":0,"7":0,"8":0,"9":0,"10":0,"11":0,"12":2,"13":5,"14":1,"15":0,"16":0,"17":0,"18":0,"19":0,"20":0,"21":0,"22":0,"23":0,"24":0},"f":{"0":7,"1":2,"2":2,"3":0,"4":0,"5":0,"6":0,"7":0,"8":5,"9":0,"10":0,"11":0,"12":0},"b":{"0":[7,0],"1":[0,2],"2":[0,0],"3":[0,0],"4":[0,0]},"_coverageSchema":"1a1c01bbd47fc00a2c39e90264f33305004495a9","hash":"db133e066f2476d6adb9cfe43907e4fd62a11682"}
,"D:\\MINES\\PROJECTIA\\CODE_BASE\\Backend\\routes\\user.routes.js": {"path":"D:\\MINES\\PROJECTIA\\CODE_BASE\\Backend\\routes\\user.routes.js","statementMap":{"0":{"start":{"line":6,"column":15},"end":{"line":6,"column":31}},"1":{"start":{"line":9,"column":0},"end":{"line":9,"column":31}},"2":{"start":{"line":10,"column":0},"end":{"line":10,"column":29}}},"fnMap":{},"branchMap":{},"s":{"0":1,"1":1,"2":1},"f":{},"b":{},"_coverageSchema":"1a1c01bbd47fc00a2c39e90264f33305004495a9","hash":"1bafdf930f89d168b7b0b3775cabeb8b2b444b97"}
,"D:\\MINES\\PROJECTIA\\CODE_BASE\\Backend\\services\\user.service.js": {"path":"D:\\MINES\\PROJECTIA\\CODE_BASE\\Backend\\services\\user.service.js","statementMap":{"0":{"start":{"line":8,"column":15},"end":{"line":8,"column":33}},"1":{"start":{"line":11,"column":27},"end":{"line":22,"column":1}},"2":{"start":{"line":12,"column":2},"end":{"line":21,"column":5}},"3":{"start":{"line":13,"column":4},"end":{"line":20,"column":9}},"4":{"start":{"line":16,"column":8},"end":{"line":16,"column":24}},"5":{"start":{"line":19,"column":8},"end":{"line":19,"column":30}},"6":{"start":{"line":24,"column":21},"end":{"line":30,"column":2}},"7":{"start":{"line":33,"column":25},"end":{"line":43,"column":1}},"8":{"start":{"line":34,"column":2},"end":{"line":42,"column":5}},"9":{"start":{"line":35,"column":4},"end":{"line":41,"column":7}},"10":{"start":{"line":36,"column":6},"end":{"line":40,"column":7}},"11":{"start":{"line":37,"column":8},"end":{"line":37,"column":44}},"12":{"start":{"line":39,"column":8},"end":{"line":39,"column":46}},"13":{"start":{"line":46,"column":26},"end":{"line":68,"column":1}},"14":{"start":{"line":47,"column":2},"end":{"line":67,"column":5}},"15":{"start":{"line":48,"column":4},"end":{"line":66,"column":7}},"16":{"start":{"line":49,"column":6},"end":{"line":65,"column":9}},"17":{"start":{"line":50,"column":8},"end":{"line":64,"column":13}},"18":{"start":{"line":60,"column":12},"end":{"line":60,"column":26}},"19":{"start":{"line":63,"column":12},"end":{"line":63,"column":34}},"20":{"start":{"line":71,"column":29},"end":{"line":88,"column":1}},"21":{"start":{"line":72,"column":2},"end":{"line":87,"column":5}},"22":{"start":{"line":73,"column":4},"end":{"line":86,"column":9}},"23":{"start":{"line":82,"column":8},"end":{"line":82,"column":25}},"24":{"start":{"line":85,"column":8},"end":{"line":85,"column":30}},"25":{"start":{"line":91,"column":32},"end":{"line":97,"column":1}},"26":{"start":{"line":92,"column":2},"end":{"line":96,"column":5}},"27":{"start":{"line":93,"column":4},"end":{"line":95,"column":7}},"28":{"start":{"line":94,"column":6},"end":{"line":94,"column":22}},"29":{"start":{"line":100,"column":22},"end":{"line":107,"column":1}},"30":{"start":{"line":101,"column":2},"end":{"line":106,"column":5}},"31":{"start":{"line":102,"column":16},"end":{"line":104,"column":6}},"32":{"start":{"line":105,"column":4},"end":{"line":105,"column":19}}},"fnMap":{"0":{"name":"(anonymous_0)","decl":{"start":{"line":11,"column":27},"end":{"line":11,"column":28}},"loc":{"start":{"line":11,"column":37},"end":{"line":22,"column":1}},"line":11},"1":{"name":"(anonymous_1)","decl":{"start":{"line":12,"column":21},"end":{"line":12,"column":22}},"loc":{"start":{"line":12,"column":48},"end":{"line":21,"column":3}},"line":12},"2":{"name":"(anonymous_2)","decl":{"start":{"line":15,"column":12},"end":{"line":15,"column":13}},"loc":{"start":{"line":15,"column":24},"end":{"line":17,"column":7}},"line":15},"3":{"name":"(anonymous_3)","decl":{"start":{"line":18,"column":13},"end":{"line":18,"column":14}},"loc":{"start":{"line":18,"column":24},"end":{"line":20,"column":7}},"line":18},"4":{"name":"(anonymous_4)","decl":{"start":{"line":33,"column":25},"end":{"line":33,"column":26}},"loc":{"start":{"line":33,"column":36},"end":{"line":43,"column":1}},"line":33},"5":{"name":"(anonymous_5)","decl":{"start":{"line":34,"column":21},"end":{"line":34,"column":22}},"loc":{"start":{"line":34,"column":48},"end":{"line":42,"column":3}},"line":34},"6":{"name":"(anonymous_6)","decl":{"start":{"line":35,"column":66},"end":{"line":35,"column":67}},"loc":{"start":{"line":35,"column":77},"end":{"line":41,"column":5}},"line":35},"7":{"name":"(anonymous_7)","decl":{"start":{"line":46,"column":26},"end":{"line":46,"column":27}},"loc":{"start":{"line":46,"column":36},"end":{"line":68,"column":1}},"line":46},"8":{"name":"(anonymous_8)","decl":{"start":{"line":47,"column":21},"end":{"line":47,"column":22}},"loc":{"start":{"line":47,"column":42},"end":{"line":67,"column":3}},"line":47},"9":{"name":"(anonymous_9)","decl":{"start":{"line":48,"column":23},"end":{"line":48,"column":24}},"loc":{"start":{"line":48,"column":38},"end":{"line":66,"column":5}},"line":48},"10":{"name":"(anonymous_10)","decl":{"start":{"line":49,"column":39},"end":{"line":49,"column":40}},"loc":{"start":{"line":49,"column":60},"end":{"line":65,"column":7}},"line":49},"11":{"name":"(anonymous_11)","decl":{"start":{"line":59,"column":16},"end":{"line":59,"column":17}},"loc":{"start":{"line":59,"column":26},"end":{"line":61,"column":11}},"line":59},"12":{"name":"(anonymous_12)","decl":{"start":{"line":62,"column":17},"end":{"line":62,"column":18}},"loc":{"start":{"line":62,"column":28},"end":{"line":64,"column":11}},"line":62},"13":{"name":"(anonymous_13)","decl":{"start":{"line":71,"column":29},"end":{"line":71,"column":30}},"loc":{"start":{"line":71,"column":39},"end":{"line":88,"column":1}},"line":71},"14":{"name":"(anonymous_14)","decl":{"start":{"line":72,"column":21},"end":{"line":72,"column":22}},"loc":{"start":{"line":72,"column":48},"end":{"line":87,"column":3}},"line":72},"15":{"name":"(anonymous_15)","decl":{"start":{"line":81,"column":12},"end":{"line":81,"column":13}},"loc":{"start":{"line":81,"column":25},"end":{"line":83,"column":7}},"line":81},"16":{"name":"(anonymous_16)","decl":{"start":{"line":84,"column":13},"end":{"line":84,"column":14}},"loc":{"start":{"line":84,"column":24},"end":{"line":86,"column":7}},"line":84},"17":{"name":"(anonymous_17)","decl":{"start":{"line":91,"column":32},"end":{"line":91,"column":33}},"loc":{"start":{"line":91,"column":52},"end":{"line":97,"column":1}},"line":91},"18":{"name":"(anonymous_18)","decl":{"start":{"line":92,"column":21},"end":{"line":92,"column":22}},"loc":{"start":{"line":92,"column":42},"end":{"line":96,"column":3}},"line":92},"19":{"name":"(anonymous_19)","decl":{"start":{"line":93,"column":35},"end":{"line":93,"column":36}},"loc":{"start":{"line":93,"column":52},"end":{"line":95,"column":5}},"line":93},"20":{"name":"(anonymous_20)","decl":{"start":{"line":100,"column":22},"end":{"line":100,"column":23}},"loc":{"start":{"line":100,"column":35},"end":{"line":107,"column":1}},"line":100},"21":{"name":"(anonymous_21)","decl":{"start":{"line":101,"column":21},"end":{"line":101,"column":22}},"loc":{"start":{"line":101,"column":42},"end":{"line":106,"column":3}},"line":101}},"branchMap":{"0":{"loc":{"start":{"line":36,"column":6},"end":{"line":40,"column":7}},"type":"if","locations":[{"start":{"line":36,"column":6},"end":{"line":40,"column":7}},{"start":{"line":38,"column":13},"end":{"line":40,"column":7}}],"line":36}},"s":{"0":1,"1":1,"2":7,"3":7,"4":2,"5":5,"6":1,"7":1,"8":2,"9":2,"10":2,"11":0,"12":2,"13":1,"14":0,"15":0,"16":0,"17":0,"18":0,"19":0,"20":1,"21":0,"22":0,"23":0,"24":0,"25":1,"26":0,"27":0,"28":0,"29":1,"30":0,"31":0,"32":0},"f":{"0":7,"1":7,"2":2,"3":5,"4":2,"5":2,"6":2,"7":0,"8":0,"9":0,"10":0,"11":0,"12":0,"13":0,"14":0,"15":0,"16":0,"17":0,"18":0,"19":0,"20":0,"21":0},"b":{"0":[0,2]},"_coverageSchema":"1a1c01bbd47fc00a2c39e90264f33305004495a9","hash":"a4218505841c555d89878beeee4bb858593fda8c"}
}
