TN:
SF:app.js
FNF:0
FNH:0
DA:9,1
DA:12,1
DA:15,1
DA:16,1
DA:17,1
DA:20,1
LF:6
LH:6
BRF:0
BRH:0
end_of_record
TN:
SF:controllers\user.controllers.js
FN:11,(anonymous_0)
FN:22,(anonymous_1)
FN:23,(anonymous_2)
FN:26,(anonymous_3)
FN:28,(anonymous_4)
FN:29,(anonymous_5)
FN:37,(anonymous_6)
FN:44,(anonymous_7)
FN:58,(anonymous_8)
FN:67,(anonymous_9)
FN:75,(anonymous_10)
FN:78,(anonymous_11)
FN:80,(anonymous_12)
FNF:13
FNH:4
FNDA:7,(anonymous_0)
FNDA:2,(anonymous_1)
FNDA:2,(anonymous_2)
FNDA:0,(anonymous_3)
FNDA:0,(anonymous_4)
FNDA:0,(anonymous_5)
FNDA:0,(anonymous_6)
FNDA:0,(anonymous_7)
FNDA:5,(anonymous_8)
FNDA:0,(anonymous_9)
FNDA:0,(anonymous_10)
FNDA:0,(anonymous_11)
FNDA:0,(anonymous_12)
DA:11,1
DA:12,7
DA:20,7
DA:21,7
DA:23,2
DA:24,2
DA:25,0
DA:27,0
DA:29,0
DA:30,0
DA:38,0
DA:45,0
DA:51,2
DA:59,5
DA:67,1
DA:68,0
DA:74,0
DA:75,0
DA:76,0
DA:77,0
DA:79,0
DA:80,0
DA:81,0
DA:88,0
DA:96,0
LF:25
LH:9
BRDA:20,0,0,7
BRDA:20,0,1,0
BRDA:24,1,0,0
BRDA:24,1,1,2
BRDA:74,2,0,0
BRDA:74,2,1,0
BRDA:76,3,0,0
BRDA:76,3,1,0
BRDA:79,4,0,0
BRDA:79,4,1,0
BRF:10
BRH:2
end_of_record
TN:
SF:routes\user.routes.js
FNF:0
FNH:0
DA:6,1
DA:9,1
DA:10,1
LF:3
LH:3
BRF:0
BRH:0
end_of_record
TN:
SF:services\user.service.js
FN:11,(anonymous_0)
FN:12,(anonymous_1)
FN:15,(anonymous_2)
FN:18,(anonymous_3)
FN:33,(anonymous_4)
FN:34,(anonymous_5)
FN:35,(anonymous_6)
FN:46,(anonymous_7)
FN:47,(anonymous_8)
FN:48,(anonymous_9)
FN:49,(anonymous_10)
FN:59,(anonymous_11)
FN:62,(anonymous_12)
FN:71,(anonymous_13)
FN:72,(anonymous_14)
FN:81,(anonymous_15)
FN:84,(anonymous_16)
FN:91,(anonymous_17)
FN:92,(anonymous_18)
FN:93,(anonymous_19)
FN:100,(anonymous_20)
FN:101,(anonymous_21)
FNF:22
FNH:7
FNDA:7,(anonymous_0)
FNDA:7,(anonymous_1)
FNDA:2,(anonymous_2)
FNDA:5,(anonymous_3)
FNDA:2,(anonymous_4)
FNDA:2,(anonymous_5)
FNDA:2,(anonymous_6)
FNDA:0,(anonymous_7)
FNDA:0,(anonymous_8)
FNDA:0,(anonymous_9)
FNDA:0,(anonymous_10)
FNDA:0,(anonymous_11)
FNDA:0,(anonymous_12)
FNDA:0,(anonymous_13)
FNDA:0,(anonymous_14)
FNDA:0,(anonymous_15)
FNDA:0,(anonymous_16)
FNDA:0,(anonymous_17)
FNDA:0,(anonymous_18)
FNDA:0,(anonymous_19)
FNDA:0,(anonymous_20)
FNDA:0,(anonymous_21)
DA:8,1
DA:11,1
DA:12,7
DA:13,7
DA:16,2
DA:19,5
DA:24,1
DA:33,1
DA:34,2
DA:35,2
DA:36,2
DA:37,0
DA:39,2
DA:46,1
DA:47,0
DA:48,0
DA:49,0
DA:50,0
DA:60,0
DA:63,0
DA:71,1
DA:72,0
DA:73,0
DA:82,0
DA:85,0
DA:91,1
DA:92,0
DA:93,0
DA:94,0
DA:100,1
DA:101,0
DA:102,0
DA:105,0
LF:33
LH:16
BRDA:36,0,0,0
BRDA:36,0,1,2
BRF:2
BRH:1
end_of_record
